d:\code\cpp\learningqt\learningqt\x64\debug\rectitem.obj
d:\code\cpp\learningqt\learningqt\x64\debug\main.obj
d:\code\cpp\learningqt\learningqt\x64\debug\qtapp.obj
d:\code\cpp\learningqt\learningqt\x64\debug\bullet.obj
d:\code\cpp\learningqt\learningqt\x64\debug\vc142.pdb
d:\code\cpp\learningqt\learningqt\x64\debug\moc_qtapp.obj
d:\code\cpp\learningqt\learningqt\x64\debug\qrc_qtapp.obj
d:\code\cpp\learningqt\learningqt\x64\debug\moc_bullet.obj
d:\code\cpp\learningqt\learningqt\x64\debug\player.obj
d:\code\cpp\learningqt\learningqt\x64\debug\enemy.obj
d:\code\cpp\learningqt\learningqt\x64\debug\moc_player.obj
d:\code\cpp\learningqt\learningqt\x64\debug\moc_enemy.obj
d:\code\cpp\learningqt\learningqt\x64\debug\uic\ui_qtapp.h
d:\code\cpp\learningqt\learningqt\x64\debug\rcc\qrc_qtapp.cpp
d:\code\cpp\learningqt\learningqt\x64\debug\moc\moc_qtapp.cpp
d:\code\cpp\learningqt\learningqt\x64\debug\moc\moc_bullet.cpp
d:\code\cpp\learningqt\learningqt\x64\debug\moc\moc_enemy.cpp
d:\code\cpp\learningqt\learningqt\x64\debug\moc\moc_player.cpp
d:\code\cpp\learningqt\x64\debug\learningqt.exe
d:\code\cpp\learningqt\x64\debug\learningqt.ilk
d:\code\cpp\learningqt\x64\debug\learningqt.pdb
d:\code\cpp\learningqt\learningqt\x64\debug\learningqt.tlog\cl.command.1.tlog
d:\code\cpp\learningqt\learningqt\x64\debug\learningqt.tlog\cl.read.1.tlog
d:\code\cpp\learningqt\learningqt\x64\debug\learningqt.tlog\cl.write.1.tlog
d:\code\cpp\learningqt\learningqt\x64\debug\learningqt.tlog\learningqt.write.1u.tlog
d:\code\cpp\learningqt\learningqt\x64\debug\learningqt.tlog\link.command.1.tlog
d:\code\cpp\learningqt\learningqt\x64\debug\learningqt.tlog\link.read.1.tlog
d:\code\cpp\learningqt\learningqt\x64\debug\learningqt.tlog\link.write.1.tlog
d:\code\cpp\learningqt\learningqt\x64\debug\learningqt.tlog\moc.read.1u.tlog
d:\code\cpp\learningqt\learningqt\x64\debug\learningqt.tlog\moc.write.1u.tlog
d:\code\cpp\learningqt\learningqt\x64\debug\learningqt.tlog\rcc.read.1u.tlog
d:\code\cpp\learningqt\learningqt\x64\debug\learningqt.tlog\rcc.write.1u.tlog
d:\code\cpp\learningqt\learningqt\x64\debug\learningqt.tlog\uic.read.1u.tlog
d:\code\cpp\learningqt\learningqt\x64\debug\learningqt.tlog\uic.write.1u.tlog
